<?xml version="1.0" encoding="UTF-8"?>
<testng-results skipped="0" failed="0" ignored="0" total="2" passed="2">
  <reporter-output>
  </reporter-output>
  <suite name="Suite" duration-ms="1069" started-at="2021-12-20T19:13:30 IST" finished-at="2021-12-20T19:13:32 IST">
    <groups>
    </groups>
    <test name="Test" duration-ms="1069" started-at="2021-12-20T19:13:30 IST" finished-at="2021-12-20T19:13:32 IST">
      <class name="com.datadriven.Write_Data">
        <test-method status="PASS" signature="main()[pri:0, instance:com.datadriven.Write_Data@5faeada1]" name="main" duration-ms="986" started-at="2021-12-20T19:13:31 IST" finished-at="2021-12-20T19:13:32 IST">
          <reporter-output>
          </reporter-output>
        </test-method> <!-- main -->
      </class> <!-- com.datadriven.Write_Data -->
      <class name="com.datadriven.Read_Data">
        <test-method status="PASS" signature="main()[pri:0, instance:com.datadriven.Read_Data@bd8db5a]" name="main" duration-ms="951" started-at="2021-12-20T19:13:31 IST" finished-at="2021-12-20T19:13:32 IST">
          <reporter-output>
          </reporter-output>
        </test-method> <!-- main -->
      </class> <!-- com.datadriven.Read_Data -->
    </test> <!-- Test -->
  </suite> <!-- Suite -->
</testng-results>
